The system is: Linux - 2.6.32-642.15.1.el6.x86_64 - x86_64
Compiling the C compiler identification source file "CMakeCCompilerId.c" succeeded.
Compiler: /afs/ihep.ac.cn/soft/common/gcc/whizard227/install/bin/gcc 
Build flags: 
Id flags: 

The output was:
0


Compilation of the C compiler identification source "CMakeCCompilerId.c" produced "a.out"

The C compiler identification is GNU, found in "/afs/ihep.ac.cn/users/e/evan/myWorkSpace/Time/build/CMakeFiles/CompilerIdC/a.out"

Compiling the CXX compiler identification source file "CMakeCXXCompilerId.cpp" succeeded.
Compiler: /afs/ihep.ac.cn/soft/common/gcc/whizard227/install/bin/c++ 
Build flags: 
Id flags: 

The output was:
0


Compilation of the CXX compiler identification source "CMakeCXXCompilerId.cpp" produced "a.out"

The CXX compiler identification is GNU, found in "/afs/ihep.ac.cn/users/e/evan/myWorkSpace/Time/build/CMakeFiles/CompilerIdCXX/a.out"

Determining if the C compiler works passed with the following output:
Change Dir: /afs/ihep.ac.cn/users/e/evan/myWorkSpace/Time/build/CMakeFiles/CMakeTmp

Run Build Command:/afs/ihep.ac.cn/soft/common/gcc/v01-17-05/mysql/usr/bin/gmake "cmTryCompileExec/fast"
/afs/ihep.ac.cn/soft/common/gcc/v01-17-05/mysql/usr/bin/gmake -f CMakeFiles/cmTryCompileExec.dir/build.make CMakeFiles/cmTryCompileExec.dir/build
gmake[1]: Entering directory `/afs/ihep.ac.cn/users/e/evan/myWorkSpace/Time/build/CMakeFiles/CMakeTmp'
/afs/ihep.ac.cn/soft/common/gcc/v01-17-05/CMake/2.8.5/bin/cmake -E cmake_progress_report /afs/ihep.ac.cn/users/e/evan/myWorkSpace/Time/build/CMakeFiles/CMakeTmp/CMakeFiles 1
Building C object CMakeFiles/cmTryCompileExec.dir/testCCompiler.c.o
/afs/ihep.ac.cn/soft/common/gcc/whizard227/install/bin/gcc    -o CMakeFiles/cmTryCompileExec.dir/testCCompiler.c.o   -c /afs/ihep.ac.cn/users/e/evan/myWorkSpace/Time/build/CMakeFiles/CMakeTmp/testCCompiler.c
Linking C executable cmTryCompileExec
/afs/ihep.ac.cn/soft/common/gcc/v01-17-05/CMake/2.8.5/bin/cmake -E cmake_link_script CMakeFiles/cmTryCompileExec.dir/link.txt --verbose=1
/afs/ihep.ac.cn/soft/common/gcc/whizard227/install/bin/gcc         CMakeFiles/cmTryCompileExec.dir/testCCompiler.c.o  -o cmTryCompileExec -rdynamic 
gmake[1]: Leaving directory `/afs/ihep.ac.cn/users/e/evan/myWorkSpace/Time/build/CMakeFiles/CMakeTmp'


Detecting C compiler ABI info compiled with the following output:
Change Dir: /afs/ihep.ac.cn/users/e/evan/myWorkSpace/Time/build/CMakeFiles/CMakeTmp

Run Build Command:/afs/ihep.ac.cn/soft/common/gcc/v01-17-05/mysql/usr/bin/gmake "cmTryCompileExec/fast"
/afs/ihep.ac.cn/soft/common/gcc/v01-17-05/mysql/usr/bin/gmake -f CMakeFiles/cmTryCompileExec.dir/build.make CMakeFiles/cmTryCompileExec.dir/build
gmake[1]: Entering directory `/afs/ihep.ac.cn/users/e/evan/myWorkSpace/Time/build/CMakeFiles/CMakeTmp'
/afs/ihep.ac.cn/soft/common/gcc/v01-17-05/CMake/2.8.5/bin/cmake -E cmake_progress_report /afs/ihep.ac.cn/users/e/evan/myWorkSpace/Time/build/CMakeFiles/CMakeTmp/CMakeFiles 1
Building C object CMakeFiles/cmTryCompileExec.dir/CMakeCCompilerABI.c.o
/afs/ihep.ac.cn/soft/common/gcc/whizard227/install/bin/gcc    -o CMakeFiles/cmTryCompileExec.dir/CMakeCCompilerABI.c.o   -c /afs/ihep.ac.cn/soft/common/gcc/v01-17-05/CMake/2.8.5/share/cmake-2.8/Modules/CMakeCCompilerABI.c
Linking C executable cmTryCompileExec
/afs/ihep.ac.cn/soft/common/gcc/v01-17-05/CMake/2.8.5/bin/cmake -E cmake_link_script CMakeFiles/cmTryCompileExec.dir/link.txt --verbose=1
/afs/ihep.ac.cn/soft/common/gcc/whizard227/install/bin/gcc       -v CMakeFiles/cmTryCompileExec.dir/CMakeCCompilerABI.c.o  -o cmTryCompileExec -rdynamic  
Using built-in specs.
COLLECT_GCC=/afs/ihep.ac.cn/soft/common/gcc/whizard227/install/bin/gcc
COLLECT_LTO_WRAPPER=/afs/ihep.ac.cn/soft/common/gcc/whizard227/install/libexec/gcc/x86_64-unknown-linux-gnu/4.8.3/lto-wrapper
Target: x86_64-unknown-linux-gnu
Configured with: ../gcc-4.8.3/configure --prefix=/afs/ihep.ac.cn/soft/common/gcc/whizard227/install --enable-languages=c,c++,fortran --disable-multilib
Thread model: posix
gcc version 4.8.3 (GCC) 
COMPILER_PATH=/afs/ihep.ac.cn/soft/common/gcc/whizard227/install/libexec/gcc/x86_64-unknown-linux-gnu/4.8.3/:/afs/ihep.ac.cn/soft/common/gcc/whizard227/install/libexec/gcc/x86_64-unknown-linux-gnu/4.8.3/:/afs/ihep.ac.cn/soft/common/gcc/whizard227/install/libexec/gcc/x86_64-unknown-linux-gnu/:/afs/ihep.ac.cn/soft/common/gcc/whizard227/install/lib/gcc/x86_64-unknown-linux-gnu/4.8.3/:/afs/ihep.ac.cn/soft/common/gcc/whizard227/install/lib/gcc/x86_64-unknown-linux-gnu/
LIBRARY_PATH=/afs/ihep.ac.cn/soft/common/gcc/whizard227/install/lib/gcc/x86_64-unknown-linux-gnu/4.8.3/:/afs/ihep.ac.cn/soft/common/gcc/whizard227/install/lib/gcc/x86_64-unknown-linux-gnu/4.8.3/../../../../lib64/:/lib/../lib64/:/usr/lib/../lib64/:/afs/ihep.ac.cn/soft/common/gcc/whizard227/install/lib/gcc/x86_64-unknown-linux-gnu/4.8.3/../../../:/lib/:/usr/lib/
COLLECT_GCC_OPTIONS='-v' '-o' 'cmTryCompileExec' '-rdynamic' '-mtune=generic' '-march=x86-64'
 /afs/ihep.ac.cn/soft/common/gcc/whizard227/install/libexec/gcc/x86_64-unknown-linux-gnu/4.8.3/collect2 --eh-frame-hdr -m elf_x86_64 -export-dynamic -dynamic-linker /lib64/ld-linux-x86-64.so.2 -o cmTryCompileExec /usr/lib/../lib64/crt1.o /usr/lib/../lib64/crti.o /afs/ihep.ac.cn/soft/common/gcc/whizard227/install/lib/gcc/x86_64-unknown-linux-gnu/4.8.3/crtbegin.o -L/afs/ihep.ac.cn/soft/common/gcc/whizard227/install/lib/gcc/x86_64-unknown-linux-gnu/4.8.3 -L/afs/ihep.ac.cn/soft/common/gcc/whizard227/install/lib/gcc/x86_64-unknown-linux-gnu/4.8.3/../../../../lib64 -L/lib/../lib64 -L/usr/lib/../lib64 -L/afs/ihep.ac.cn/soft/common/gcc/whizard227/install/lib/gcc/x86_64-unknown-linux-gnu/4.8.3/../../.. CMakeFiles/cmTryCompileExec.dir/CMakeCCompilerABI.c.o -lgcc --as-needed -lgcc_s --no-as-needed -lc -lgcc --as-needed -lgcc_s --no-as-needed /afs/ihep.ac.cn/soft/common/gcc/whizard227/install/lib/gcc/x86_64-unknown-linux-gnu/4.8.3/crtend.o /usr/lib/../lib64/crtn.o
gmake[1]: Leaving directory `/afs/ihep.ac.cn/users/e/evan/myWorkSpace/Time/build/CMakeFiles/CMakeTmp'


Parsed C implicit link information from above output:
  link line regex: [^( *|.*[/\])(ld|ld|collect2)[^/\]*( |$)]
  ignore line: [Change Dir: /afs/ihep.ac.cn/users/e/evan/myWorkSpace/Time/build/CMakeFiles/CMakeTmp]
  ignore line: []
  ignore line: [Run Build Command:/afs/ihep.ac.cn/soft/common/gcc/v01-17-05/mysql/usr/bin/gmake "cmTryCompileExec/fast"]
  ignore line: [/afs/ihep.ac.cn/soft/common/gcc/v01-17-05/mysql/usr/bin/gmake -f CMakeFiles/cmTryCompileExec.dir/build.make CMakeFiles/cmTryCompileExec.dir/build]
  ignore line: [gmake[1]: Entering directory `/afs/ihep.ac.cn/users/e/evan/myWorkSpace/Time/build/CMakeFiles/CMakeTmp']
  ignore line: [/afs/ihep.ac.cn/soft/common/gcc/v01-17-05/CMake/2.8.5/bin/cmake -E cmake_progress_report /afs/ihep.ac.cn/users/e/evan/myWorkSpace/Time/build/CMakeFiles/CMakeTmp/CMakeFiles 1]
  ignore line: [Building C object CMakeFiles/cmTryCompileExec.dir/CMakeCCompilerABI.c.o]
  ignore line: [/afs/ihep.ac.cn/soft/common/gcc/whizard227/install/bin/gcc    -o CMakeFiles/cmTryCompileExec.dir/CMakeCCompilerABI.c.o   -c /afs/ihep.ac.cn/soft/common/gcc/v01-17-05/CMake/2.8.5/share/cmake-2.8/Modules/CMakeCCompilerABI.c]
  ignore line: [Linking C executable cmTryCompileExec]
  ignore line: [/afs/ihep.ac.cn/soft/common/gcc/v01-17-05/CMake/2.8.5/bin/cmake -E cmake_link_script CMakeFiles/cmTryCompileExec.dir/link.txt --verbose=1]
  ignore line: [/afs/ihep.ac.cn/soft/common/gcc/whizard227/install/bin/gcc       -v CMakeFiles/cmTryCompileExec.dir/CMakeCCompilerABI.c.o  -o cmTryCompileExec -rdynamic  ]
  ignore line: [Using built-in specs.]
  ignore line: [COLLECT_GCC=/afs/ihep.ac.cn/soft/common/gcc/whizard227/install/bin/gcc]
  ignore line: [COLLECT_LTO_WRAPPER=/afs/ihep.ac.cn/soft/common/gcc/whizard227/install/libexec/gcc/x86_64-unknown-linux-gnu/4.8.3/lto-wrapper]
  ignore line: [Target: x86_64-unknown-linux-gnu]
  ignore line: [Configured with: ../gcc-4.8.3/configure --prefix=/afs/ihep.ac.cn/soft/common/gcc/whizard227/install --enable-languages=c,c++,fortran --disable-multilib]
  ignore line: [Thread model: posix]
  ignore line: [gcc version 4.8.3 (GCC) ]
  ignore line: [COMPILER_PATH=/afs/ihep.ac.cn/soft/common/gcc/whizard227/install/libexec/gcc/x86_64-unknown-linux-gnu/4.8.3/:/afs/ihep.ac.cn/soft/common/gcc/whizard227/install/libexec/gcc/x86_64-unknown-linux-gnu/4.8.3/:/afs/ihep.ac.cn/soft/common/gcc/whizard227/install/libexec/gcc/x86_64-unknown-linux-gnu/:/afs/ihep.ac.cn/soft/common/gcc/whizard227/install/lib/gcc/x86_64-unknown-linux-gnu/4.8.3/:/afs/ihep.ac.cn/soft/common/gcc/whizard227/install/lib/gcc/x86_64-unknown-linux-gnu/]
  ignore line: [LIBRARY_PATH=/afs/ihep.ac.cn/soft/common/gcc/whizard227/install/lib/gcc/x86_64-unknown-linux-gnu/4.8.3/:/afs/ihep.ac.cn/soft/common/gcc/whizard227/install/lib/gcc/x86_64-unknown-linux-gnu/4.8.3/../../../../lib64/:/lib/../lib64/:/usr/lib/../lib64/:/afs/ihep.ac.cn/soft/common/gcc/whizard227/install/lib/gcc/x86_64-unknown-linux-gnu/4.8.3/../../../:/lib/:/usr/lib/]
  ignore line: [COLLECT_GCC_OPTIONS='-v' '-o' 'cmTryCompileExec' '-rdynamic' '-mtune=generic' '-march=x86-64']
  link line: [ /afs/ihep.ac.cn/soft/common/gcc/whizard227/install/libexec/gcc/x86_64-unknown-linux-gnu/4.8.3/collect2 --eh-frame-hdr -m elf_x86_64 -export-dynamic -dynamic-linker /lib64/ld-linux-x86-64.so.2 -o cmTryCompileExec /usr/lib/../lib64/crt1.o /usr/lib/../lib64/crti.o /afs/ihep.ac.cn/soft/common/gcc/whizard227/install/lib/gcc/x86_64-unknown-linux-gnu/4.8.3/crtbegin.o -L/afs/ihep.ac.cn/soft/common/gcc/whizard227/install/lib/gcc/x86_64-unknown-linux-gnu/4.8.3 -L/afs/ihep.ac.cn/soft/common/gcc/whizard227/install/lib/gcc/x86_64-unknown-linux-gnu/4.8.3/../../../../lib64 -L/lib/../lib64 -L/usr/lib/../lib64 -L/afs/ihep.ac.cn/soft/common/gcc/whizard227/install/lib/gcc/x86_64-unknown-linux-gnu/4.8.3/../../.. CMakeFiles/cmTryCompileExec.dir/CMakeCCompilerABI.c.o -lgcc --as-needed -lgcc_s --no-as-needed -lc -lgcc --as-needed -lgcc_s --no-as-needed /afs/ihep.ac.cn/soft/common/gcc/whizard227/install/lib/gcc/x86_64-unknown-linux-gnu/4.8.3/crtend.o /usr/lib/../lib64/crtn.o]
    arg [/afs/ihep.ac.cn/soft/common/gcc/whizard227/install/libexec/gcc/x86_64-unknown-linux-gnu/4.8.3/collect2] ==> ignore
    arg [--eh-frame-hdr] ==> ignore
    arg [-m] ==> ignore
    arg [elf_x86_64] ==> ignore
    arg [-export-dynamic] ==> ignore
    arg [-dynamic-linker] ==> ignore
    arg [/lib64/ld-linux-x86-64.so.2] ==> ignore
    arg [-o] ==> ignore
    arg [cmTryCompileExec] ==> ignore
    arg [/usr/lib/../lib64/crt1.o] ==> ignore
    arg [/usr/lib/../lib64/crti.o] ==> ignore
    arg [/afs/ihep.ac.cn/soft/common/gcc/whizard227/install/lib/gcc/x86_64-unknown-linux-gnu/4.8.3/crtbegin.o] ==> ignore
    arg [-L/afs/ihep.ac.cn/soft/common/gcc/whizard227/install/lib/gcc/x86_64-unknown-linux-gnu/4.8.3] ==> dir [/afs/ihep.ac.cn/soft/common/gcc/whizard227/install/lib/gcc/x86_64-unknown-linux-gnu/4.8.3]
    arg [-L/afs/ihep.ac.cn/soft/common/gcc/whizard227/install/lib/gcc/x86_64-unknown-linux-gnu/4.8.3/../../../../lib64] ==> dir [/afs/ihep.ac.cn/soft/common/gcc/whizard227/install/lib/gcc/x86_64-unknown-linux-gnu/4.8.3/../../../../lib64]
    arg [-L/lib/../lib64] ==> dir [/lib/../lib64]
    arg [-L/usr/lib/../lib64] ==> dir [/usr/lib/../lib64]
    arg [-L/afs/ihep.ac.cn/soft/common/gcc/whizard227/install/lib/gcc/x86_64-unknown-linux-gnu/4.8.3/../../..] ==> dir [/afs/ihep.ac.cn/soft/common/gcc/whizard227/install/lib/gcc/x86_64-unknown-linux-gnu/4.8.3/../../..]
    arg [CMakeFiles/cmTryCompileExec.dir/CMakeCCompilerABI.c.o] ==> ignore
    arg [-lgcc] ==> lib [gcc]
    arg [--as-needed] ==> ignore
    arg [-lgcc_s] ==> lib [gcc_s]
    arg [--no-as-needed] ==> ignore
    arg [-lc] ==> lib [c]
    arg [-lgcc] ==> lib [gcc]
    arg [--as-needed] ==> ignore
    arg [-lgcc_s] ==> lib [gcc_s]
    arg [--no-as-needed] ==> ignore
    arg [/afs/ihep.ac.cn/soft/common/gcc/whizard227/install/lib/gcc/x86_64-unknown-linux-gnu/4.8.3/crtend.o] ==> ignore
    arg [/usr/lib/../lib64/crtn.o] ==> ignore
  remove lib [gcc]
  remove lib [gcc_s]
  remove lib [gcc]
  remove lib [gcc_s]
  collapse dir [/afs/ihep.ac.cn/soft/common/gcc/whizard227/install/lib/gcc/x86_64-unknown-linux-gnu/4.8.3] ==> [/afs/ihep.ac.cn/soft/common/gcc/whizard227/install/lib/gcc/x86_64-unknown-linux-gnu/4.8.3]
  collapse dir [/afs/ihep.ac.cn/soft/common/gcc/whizard227/install/lib/gcc/x86_64-unknown-linux-gnu/4.8.3/../../../../lib64] ==> [/afs/ihep.ac.cn/soft/common/gcc/whizard227/install/lib64]
  collapse dir [/lib/../lib64] ==> [/lib64]
  collapse dir [/usr/lib/../lib64] ==> [/usr/lib64]
  collapse dir [/afs/ihep.ac.cn/soft/common/gcc/whizard227/install/lib/gcc/x86_64-unknown-linux-gnu/4.8.3/../../..] ==> [/afs/ihep.ac.cn/soft/common/gcc/whizard227/install/lib]
  implicit libs: [c]
  implicit dirs: [/afs/ihep.ac.cn/soft/common/gcc/whizard227/install/lib/gcc/x86_64-unknown-linux-gnu/4.8.3;/afs/ihep.ac.cn/soft/common/gcc/whizard227/install/lib64;/lib64;/usr/lib64;/afs/ihep.ac.cn/soft/common/gcc/whizard227/install/lib]


Determining if the CXX compiler works passed with the following output:
Change Dir: /afs/ihep.ac.cn/users/e/evan/myWorkSpace/Time/build/CMakeFiles/CMakeTmp

Run Build Command:/afs/ihep.ac.cn/soft/common/gcc/v01-17-05/mysql/usr/bin/gmake "cmTryCompileExec/fast"
/afs/ihep.ac.cn/soft/common/gcc/v01-17-05/mysql/usr/bin/gmake -f CMakeFiles/cmTryCompileExec.dir/build.make CMakeFiles/cmTryCompileExec.dir/build
gmake[1]: Entering directory `/afs/ihep.ac.cn/users/e/evan/myWorkSpace/Time/build/CMakeFiles/CMakeTmp'
/afs/ihep.ac.cn/soft/common/gcc/v01-17-05/CMake/2.8.5/bin/cmake -E cmake_progress_report /afs/ihep.ac.cn/users/e/evan/myWorkSpace/Time/build/CMakeFiles/CMakeTmp/CMakeFiles 1
Building CXX object CMakeFiles/cmTryCompileExec.dir/testCXXCompiler.cxx.o
/afs/ihep.ac.cn/soft/common/gcc/whizard227/install/bin/c++     -o CMakeFiles/cmTryCompileExec.dir/testCXXCompiler.cxx.o -c /afs/ihep.ac.cn/users/e/evan/myWorkSpace/Time/build/CMakeFiles/CMakeTmp/testCXXCompiler.cxx
Linking CXX executable cmTryCompileExec
/afs/ihep.ac.cn/soft/common/gcc/v01-17-05/CMake/2.8.5/bin/cmake -E cmake_link_script CMakeFiles/cmTryCompileExec.dir/link.txt --verbose=1
/afs/ihep.ac.cn/soft/common/gcc/whizard227/install/bin/c++          CMakeFiles/cmTryCompileExec.dir/testCXXCompiler.cxx.o  -o cmTryCompileExec -rdynamic 
gmake[1]: Leaving directory `/afs/ihep.ac.cn/users/e/evan/myWorkSpace/Time/build/CMakeFiles/CMakeTmp'


Detecting CXX compiler ABI info compiled with the following output:
Change Dir: /afs/ihep.ac.cn/users/e/evan/myWorkSpace/Time/build/CMakeFiles/CMakeTmp

Run Build Command:/afs/ihep.ac.cn/soft/common/gcc/v01-17-05/mysql/usr/bin/gmake "cmTryCompileExec/fast"
/afs/ihep.ac.cn/soft/common/gcc/v01-17-05/mysql/usr/bin/gmake -f CMakeFiles/cmTryCompileExec.dir/build.make CMakeFiles/cmTryCompileExec.dir/build
gmake[1]: Entering directory `/afs/ihep.ac.cn/users/e/evan/myWorkSpace/Time/build/CMakeFiles/CMakeTmp'
/afs/ihep.ac.cn/soft/common/gcc/v01-17-05/CMake/2.8.5/bin/cmake -E cmake_progress_report /afs/ihep.ac.cn/users/e/evan/myWorkSpace/Time/build/CMakeFiles/CMakeTmp/CMakeFiles 1
Building CXX object CMakeFiles/cmTryCompileExec.dir/CMakeCXXCompilerABI.cpp.o
/afs/ihep.ac.cn/soft/common/gcc/whizard227/install/bin/c++     -o CMakeFiles/cmTryCompileExec.dir/CMakeCXXCompilerABI.cpp.o -c /afs/ihep.ac.cn/soft/common/gcc/v01-17-05/CMake/2.8.5/share/cmake-2.8/Modules/CMakeCXXCompilerABI.cpp
Linking CXX executable cmTryCompileExec
/afs/ihep.ac.cn/soft/common/gcc/v01-17-05/CMake/2.8.5/bin/cmake -E cmake_link_script CMakeFiles/cmTryCompileExec.dir/link.txt --verbose=1
/afs/ihep.ac.cn/soft/common/gcc/whizard227/install/bin/c++        -v CMakeFiles/cmTryCompileExec.dir/CMakeCXXCompilerABI.cpp.o  -o cmTryCompileExec -rdynamic  
Using built-in specs.
COLLECT_GCC=/afs/ihep.ac.cn/soft/common/gcc/whizard227/install/bin/c++
COLLECT_LTO_WRAPPER=/afs/ihep.ac.cn/soft/common/gcc/whizard227/install/libexec/gcc/x86_64-unknown-linux-gnu/4.8.3/lto-wrapper
Target: x86_64-unknown-linux-gnu
Configured with: ../gcc-4.8.3/configure --prefix=/afs/ihep.ac.cn/soft/common/gcc/whizard227/install --enable-languages=c,c++,fortran --disable-multilib
Thread model: posix
gcc version 4.8.3 (GCC) 
COMPILER_PATH=/afs/ihep.ac.cn/soft/common/gcc/whizard227/install/libexec/gcc/x86_64-unknown-linux-gnu/4.8.3/:/afs/ihep.ac.cn/soft/common/gcc/whizard227/install/libexec/gcc/x86_64-unknown-linux-gnu/4.8.3/:/afs/ihep.ac.cn/soft/common/gcc/whizard227/install/libexec/gcc/x86_64-unknown-linux-gnu/:/afs/ihep.ac.cn/soft/common/gcc/whizard227/install/lib/gcc/x86_64-unknown-linux-gnu/4.8.3/:/afs/ihep.ac.cn/soft/common/gcc/whizard227/install/lib/gcc/x86_64-unknown-linux-gnu/
LIBRARY_PATH=/afs/ihep.ac.cn/soft/common/gcc/whizard227/install/lib/gcc/x86_64-unknown-linux-gnu/4.8.3/:/afs/ihep.ac.cn/soft/common/gcc/whizard227/install/lib/gcc/x86_64-unknown-linux-gnu/4.8.3/../../../../lib64/:/lib/../lib64/:/usr/lib/../lib64/:/afs/ihep.ac.cn/soft/common/gcc/whizard227/install/lib/gcc/x86_64-unknown-linux-gnu/4.8.3/../../../:/lib/:/usr/lib/
COLLECT_GCC_OPTIONS='-v' '-o' 'cmTryCompileExec' '-rdynamic' '-shared-libgcc' '-mtune=generic' '-march=x86-64'
 /afs/ihep.ac.cn/soft/common/gcc/whizard227/install/libexec/gcc/x86_64-unknown-linux-gnu/4.8.3/collect2 --eh-frame-hdr -m elf_x86_64 -export-dynamic -dynamic-linker /lib64/ld-linux-x86-64.so.2 -o cmTryCompileExec /usr/lib/../lib64/crt1.o /usr/lib/../lib64/crti.o /afs/ihep.ac.cn/soft/common/gcc/whizard227/install/lib/gcc/x86_64-unknown-linux-gnu/4.8.3/crtbegin.o -L/afs/ihep.ac.cn/soft/common/gcc/whizard227/install/lib/gcc/x86_64-unknown-linux-gnu/4.8.3 -L/afs/ihep.ac.cn/soft/common/gcc/whizard227/install/lib/gcc/x86_64-unknown-linux-gnu/4.8.3/../../../../lib64 -L/lib/../lib64 -L/usr/lib/../lib64 -L/afs/ihep.ac.cn/soft/common/gcc/whizard227/install/lib/gcc/x86_64-unknown-linux-gnu/4.8.3/../../.. CMakeFiles/cmTryCompileExec.dir/CMakeCXXCompilerABI.cpp.o -lstdc++ -lm -lgcc_s -lgcc -lc -lgcc_s -lgcc /afs/ihep.ac.cn/soft/common/gcc/whizard227/install/lib/gcc/x86_64-unknown-linux-gnu/4.8.3/crtend.o /usr/lib/../lib64/crtn.o
gmake[1]: Leaving directory `/afs/ihep.ac.cn/users/e/evan/myWorkSpace/Time/build/CMakeFiles/CMakeTmp'


Parsed CXX implicit link information from above output:
  link line regex: [^( *|.*[/\])(ld|ld|collect2)[^/\]*( |$)]
  ignore line: [Change Dir: /afs/ihep.ac.cn/users/e/evan/myWorkSpace/Time/build/CMakeFiles/CMakeTmp]
  ignore line: []
  ignore line: [Run Build Command:/afs/ihep.ac.cn/soft/common/gcc/v01-17-05/mysql/usr/bin/gmake "cmTryCompileExec/fast"]
  ignore line: [/afs/ihep.ac.cn/soft/common/gcc/v01-17-05/mysql/usr/bin/gmake -f CMakeFiles/cmTryCompileExec.dir/build.make CMakeFiles/cmTryCompileExec.dir/build]
  ignore line: [gmake[1]: Entering directory `/afs/ihep.ac.cn/users/e/evan/myWorkSpace/Time/build/CMakeFiles/CMakeTmp']
  ignore line: [/afs/ihep.ac.cn/soft/common/gcc/v01-17-05/CMake/2.8.5/bin/cmake -E cmake_progress_report /afs/ihep.ac.cn/users/e/evan/myWorkSpace/Time/build/CMakeFiles/CMakeTmp/CMakeFiles 1]
  ignore line: [Building CXX object CMakeFiles/cmTryCompileExec.dir/CMakeCXXCompilerABI.cpp.o]
  ignore line: [/afs/ihep.ac.cn/soft/common/gcc/whizard227/install/bin/c++     -o CMakeFiles/cmTryCompileExec.dir/CMakeCXXCompilerABI.cpp.o -c /afs/ihep.ac.cn/soft/common/gcc/v01-17-05/CMake/2.8.5/share/cmake-2.8/Modules/CMakeCXXCompilerABI.cpp]
  ignore line: [Linking CXX executable cmTryCompileExec]
  ignore line: [/afs/ihep.ac.cn/soft/common/gcc/v01-17-05/CMake/2.8.5/bin/cmake -E cmake_link_script CMakeFiles/cmTryCompileExec.dir/link.txt --verbose=1]
  ignore line: [/afs/ihep.ac.cn/soft/common/gcc/whizard227/install/bin/c++        -v CMakeFiles/cmTryCompileExec.dir/CMakeCXXCompilerABI.cpp.o  -o cmTryCompileExec -rdynamic  ]
  ignore line: [Using built-in specs.]
  ignore line: [COLLECT_GCC=/afs/ihep.ac.cn/soft/common/gcc/whizard227/install/bin/c++]
  ignore line: [COLLECT_LTO_WRAPPER=/afs/ihep.ac.cn/soft/common/gcc/whizard227/install/libexec/gcc/x86_64-unknown-linux-gnu/4.8.3/lto-wrapper]
  ignore line: [Target: x86_64-unknown-linux-gnu]
  ignore line: [Configured with: ../gcc-4.8.3/configure --prefix=/afs/ihep.ac.cn/soft/common/gcc/whizard227/install --enable-languages=c,c++,fortran --disable-multilib]
  ignore line: [Thread model: posix]
  ignore line: [gcc version 4.8.3 (GCC) ]
  ignore line: [COMPILER_PATH=/afs/ihep.ac.cn/soft/common/gcc/whizard227/install/libexec/gcc/x86_64-unknown-linux-gnu/4.8.3/:/afs/ihep.ac.cn/soft/common/gcc/whizard227/install/libexec/gcc/x86_64-unknown-linux-gnu/4.8.3/:/afs/ihep.ac.cn/soft/common/gcc/whizard227/install/libexec/gcc/x86_64-unknown-linux-gnu/:/afs/ihep.ac.cn/soft/common/gcc/whizard227/install/lib/gcc/x86_64-unknown-linux-gnu/4.8.3/:/afs/ihep.ac.cn/soft/common/gcc/whizard227/install/lib/gcc/x86_64-unknown-linux-gnu/]
  ignore line: [LIBRARY_PATH=/afs/ihep.ac.cn/soft/common/gcc/whizard227/install/lib/gcc/x86_64-unknown-linux-gnu/4.8.3/:/afs/ihep.ac.cn/soft/common/gcc/whizard227/install/lib/gcc/x86_64-unknown-linux-gnu/4.8.3/../../../../lib64/:/lib/../lib64/:/usr/lib/../lib64/:/afs/ihep.ac.cn/soft/common/gcc/whizard227/install/lib/gcc/x86_64-unknown-linux-gnu/4.8.3/../../../:/lib/:/usr/lib/]
  ignore line: [COLLECT_GCC_OPTIONS='-v' '-o' 'cmTryCompileExec' '-rdynamic' '-shared-libgcc' '-mtune=generic' '-march=x86-64']
  link line: [ /afs/ihep.ac.cn/soft/common/gcc/whizard227/install/libexec/gcc/x86_64-unknown-linux-gnu/4.8.3/collect2 --eh-frame-hdr -m elf_x86_64 -export-dynamic -dynamic-linker /lib64/ld-linux-x86-64.so.2 -o cmTryCompileExec /usr/lib/../lib64/crt1.o /usr/lib/../lib64/crti.o /afs/ihep.ac.cn/soft/common/gcc/whizard227/install/lib/gcc/x86_64-unknown-linux-gnu/4.8.3/crtbegin.o -L/afs/ihep.ac.cn/soft/common/gcc/whizard227/install/lib/gcc/x86_64-unknown-linux-gnu/4.8.3 -L/afs/ihep.ac.cn/soft/common/gcc/whizard227/install/lib/gcc/x86_64-unknown-linux-gnu/4.8.3/../../../../lib64 -L/lib/../lib64 -L/usr/lib/../lib64 -L/afs/ihep.ac.cn/soft/common/gcc/whizard227/install/lib/gcc/x86_64-unknown-linux-gnu/4.8.3/../../.. CMakeFiles/cmTryCompileExec.dir/CMakeCXXCompilerABI.cpp.o -lstdc++ -lm -lgcc_s -lgcc -lc -lgcc_s -lgcc /afs/ihep.ac.cn/soft/common/gcc/whizard227/install/lib/gcc/x86_64-unknown-linux-gnu/4.8.3/crtend.o /usr/lib/../lib64/crtn.o]
    arg [/afs/ihep.ac.cn/soft/common/gcc/whizard227/install/libexec/gcc/x86_64-unknown-linux-gnu/4.8.3/collect2] ==> ignore
    arg [--eh-frame-hdr] ==> ignore
    arg [-m] ==> ignore
    arg [elf_x86_64] ==> ignore
    arg [-export-dynamic] ==> ignore
    arg [-dynamic-linker] ==> ignore
    arg [/lib64/ld-linux-x86-64.so.2] ==> ignore
    arg [-o] ==> ignore
    arg [cmTryCompileExec] ==> ignore
    arg [/usr/lib/../lib64/crt1.o] ==> ignore
    arg [/usr/lib/../lib64/crti.o] ==> ignore
    arg [/afs/ihep.ac.cn/soft/common/gcc/whizard227/install/lib/gcc/x86_64-unknown-linux-gnu/4.8.3/crtbegin.o] ==> ignore
    arg [-L/afs/ihep.ac.cn/soft/common/gcc/whizard227/install/lib/gcc/x86_64-unknown-linux-gnu/4.8.3] ==> dir [/afs/ihep.ac.cn/soft/common/gcc/whizard227/install/lib/gcc/x86_64-unknown-linux-gnu/4.8.3]
    arg [-L/afs/ihep.ac.cn/soft/common/gcc/whizard227/install/lib/gcc/x86_64-unknown-linux-gnu/4.8.3/../../../../lib64] ==> dir [/afs/ihep.ac.cn/soft/common/gcc/whizard227/install/lib/gcc/x86_64-unknown-linux-gnu/4.8.3/../../../../lib64]
    arg [-L/lib/../lib64] ==> dir [/lib/../lib64]
    arg [-L/usr/lib/../lib64] ==> dir [/usr/lib/../lib64]
    arg [-L/afs/ihep.ac.cn/soft/common/gcc/whizard227/install/lib/gcc/x86_64-unknown-linux-gnu/4.8.3/../../..] ==> dir [/afs/ihep.ac.cn/soft/common/gcc/whizard227/install/lib/gcc/x86_64-unknown-linux-gnu/4.8.3/../../..]
    arg [CMakeFiles/cmTryCompileExec.dir/CMakeCXXCompilerABI.cpp.o] ==> ignore
    arg [-lstdc++] ==> lib [stdc++]
    arg [-lm] ==> lib [m]
    arg [-lgcc_s] ==> lib [gcc_s]
    arg [-lgcc] ==> lib [gcc]
    arg [-lc] ==> lib [c]
    arg [-lgcc_s] ==> lib [gcc_s]
    arg [-lgcc] ==> lib [gcc]
    arg [/afs/ihep.ac.cn/soft/common/gcc/whizard227/install/lib/gcc/x86_64-unknown-linux-gnu/4.8.3/crtend.o] ==> ignore
    arg [/usr/lib/../lib64/crtn.o] ==> ignore
  remove lib [gcc_s]
  remove lib [gcc]
  remove lib [gcc_s]
  remove lib [gcc]
  collapse dir [/afs/ihep.ac.cn/soft/common/gcc/whizard227/install/lib/gcc/x86_64-unknown-linux-gnu/4.8.3] ==> [/afs/ihep.ac.cn/soft/common/gcc/whizard227/install/lib/gcc/x86_64-unknown-linux-gnu/4.8.3]
  collapse dir [/afs/ihep.ac.cn/soft/common/gcc/whizard227/install/lib/gcc/x86_64-unknown-linux-gnu/4.8.3/../../../../lib64] ==> [/afs/ihep.ac.cn/soft/common/gcc/whizard227/install/lib64]
  collapse dir [/lib/../lib64] ==> [/lib64]
  collapse dir [/usr/lib/../lib64] ==> [/usr/lib64]
  collapse dir [/afs/ihep.ac.cn/soft/common/gcc/whizard227/install/lib/gcc/x86_64-unknown-linux-gnu/4.8.3/../../..] ==> [/afs/ihep.ac.cn/soft/common/gcc/whizard227/install/lib]
  implicit libs: [stdc++;m;c]
  implicit dirs: [/afs/ihep.ac.cn/soft/common/gcc/whizard227/install/lib/gcc/x86_64-unknown-linux-gnu/4.8.3;/afs/ihep.ac.cn/soft/common/gcc/whizard227/install/lib64;/lib64;/usr/lib64;/afs/ihep.ac.cn/soft/common/gcc/whizard227/install/lib]


